2023-03-05 12:13:23 WARNING This is a warning message
2023-03-05 12:13:23 INFO This is an info message
2023-03-05 12:13:23 DEBUG This is a debug message
2023-03-05 12:13:23 ERROR This is an error message
2023-03-05 12:13:23 CRITICAL This is a critical message
2023-03-05 12:15:52 WARNING This is a warning message
2023-03-05 12:15:52 INFO This is an info message
2023-03-05 12:15:52 DEBUG This is a debug message
2023-03-05 12:15:52 ERROR This is an error message
2023-03-05 12:15:52 CRITICAL This is a critical message
2023-03-05 12:15:56 WARNING This is a warning message
2023-03-05 12:15:56 INFO This is an info message
2023-03-05 12:15:56 DEBUG This is a debug message
2023-03-05 12:15:56 ERROR This is an error message
2023-03-05 12:15:56 CRITICAL This is a critical message
2023-03-05 12:15:58 WARNING This is a warning message
2023-03-05 12:15:58 INFO This is an info message
2023-03-05 12:15:58 DEBUG This is a debug message
2023-03-05 12:15:58 ERROR This is an error message
2023-03-05 12:15:58 CRITICAL This is a critical message
2023-03-05 12:15:58 WARNING This is a warning message
2023-03-05 12:15:58 INFO This is an info message
2023-03-05 12:15:58 DEBUG This is a debug message
2023-03-05 12:15:58 ERROR This is an error message
2023-03-05 12:15:58 CRITICAL This is a critical message
2023-03-05 12:16:00 WARNING This is a warning message
2023-03-05 12:16:00 INFO This is an info message
2023-03-05 12:16:00 DEBUG This is a debug message
2023-03-05 12:16:00 ERROR This is an error message
2023-03-05 12:16:00 CRITICAL This is a critical message
